<?xml version="1.0" encoding="UTF-8"?>
<testsuite name="CorrecterTest" tests="1" skipped="0" failures="0" errors="0" timestamp="2021-10-18T14:57:41" hostname="LAPTOP-BTRCTU8V" time="0.265">
  <properties/>
  <testcase name="start" classname="CorrecterTest" time="0.265"/>
  <system-out><![CDATA[?[1;31m
Start test 1?[0m
> encode
?[1;31m
Start test 2?[0m
> send
?[1;31m
Start test 3?[0m
> decode
?[1;31m
Start test 4?[0m
> encode
?[1;31m
Start test 5?[0m
> send
?[1;31m
Start test 6?[0m
> decode
?[1;31m
Start test 7?[0m
> encode
?[1;31m
Start test 8?[0m
> send
?[1;31m
Start test 9?[0m
> decode
?[1;31m
Start test 10?[0m
> encode
?[1;31m
Start test 11?[0m
> send
?[1;31m
Start test 12?[0m
> decode
]]></system-out>
  <system-err><![CDATA[]]></system-err>
</testsuite>
